<?xml version="1.0" encoding="UTF-8"?>
<!-- Generated by org.testng.reporters.JUnitReportReporter -->
<testsuite hostname="DESKTOP-4N444J5" failures="0" tests="6" name="api.test.DDTests" time="11.257" errors="0" timestamp="2024-08-06T14:14:21 IST" skipped="0">
  <testcase classname="api.test.DDTests" name="testPostuser" time="1.647"/>
  <system-out/>
  <testcase classname="api.test.DDTests" name="testPostuser" time="1.626"/>
  <system-out/>
  <testcase classname="api.test.DDTests" name="testPostuser" time="3.485"/>
  <system-out/>
  <testcase classname="api.test.DDTests" name="testDeleteUserByName" time="1.503"/>
  <system-out/>
  <testcase classname="api.test.DDTests" name="testDeleteUserByName" time="1.493"/>
  <system-out/>
  <testcase classname="api.test.DDTests" name="testDeleteUserByName" time="1.503"/>
  <system-out/>
</testsuite> <!-- api.test.DDTests -->
